mode: set
movieapi/movies.go:35.50,36.102 1 0
movieapi/movies.go:36.102,38.3 1 0
movieapi/movies.go:39.2,39.12 1 0
movieapi/movies.go:48.53,49.60 1 0
movieapi/movies.go:49.60,51.3 1 0
movieapi/movies.go:52.2,52.12 1 0
movieapi/server.go:12.69,18.2 2 0
movieapi/server.go:20.54,22.2 1 0
movieapi/cmd/main.go:29.13,35.16 6 0
movieapi/cmd/main.go:35.16,37.3 1 0
movieapi/cmd/main.go:38.2,43.12 6 0
movieapi/cmd/main.go:43.12,44.68 1 0
movieapi/cmd/main.go:44.68,46.4 1 0
movieapi/cmd/main.go:48.2,54.42 7 0
movieapi/cmd/main.go:54.42,56.3 1 0
movieapi/cmd/main.go:57.2,57.39 1 0
movieapi/cmd/main.go:57.39,59.3 1 0
movieapi/pkg/service/actor_service.go:12.63,14.2 1 0
movieapi/pkg/service/actor_service.go:16.91,18.2 1 0
movieapi/pkg/service/actor_service.go:20.67,22.2 1 0
movieapi/pkg/service/actor_service.go:24.67,26.2 1 0
movieapi/pkg/service/actor_service.go:27.104,28.46 1 0
movieapi/pkg/service/actor_service.go:28.46,30.3 1 0
movieapi/pkg/service/actor_service.go:31.2,31.48 1 0
movieapi/pkg/service/auth_service.go:23.65,25.2 1 0
movieapi/pkg/service/auth_service.go:27.67,29.2 1 0
movieapi/pkg/service/auth_service.go:31.68,32.107 1 0
movieapi/pkg/service/auth_service.go:32.107,33.58 1 0
movieapi/pkg/service/auth_service.go:33.58,35.4 1 0
movieapi/pkg/service/auth_service.go:36.3,36.21 1 0
movieapi/pkg/service/auth_service.go:38.2,38.16 1 0
movieapi/pkg/service/auth_service.go:38.16,40.3 1 0
movieapi/pkg/service/auth_service.go:41.2,42.9 2 0
movieapi/pkg/service/auth_service.go:42.9,44.3 1 0
movieapi/pkg/service/auth_service.go:45.2,45.29 1 0
movieapi/pkg/service/auth_service.go:54.78,56.16 2 0
movieapi/pkg/service/auth_service.go:56.16,58.3 1 0
movieapi/pkg/service/auth_service.go:59.2,65.16 7 0
movieapi/pkg/service/auth_service.go:65.16,67.3 1 0
movieapi/pkg/service/auth_service.go:68.2,68.25 1 0
movieapi/pkg/service/movies_service.go:12.63,14.2 1 0
movieapi/pkg/service/movies_service.go:16.86,18.2 1 0
movieapi/pkg/service/movies_service.go:20.79,22.2 1 0
movieapi/pkg/service/movies_service.go:24.82,26.2 1 0
movieapi/pkg/service/movies_service.go:28.102,29.43 1 0
movieapi/pkg/service/movies_service.go:29.43,31.3 1 0
movieapi/pkg/service/movies_service.go:32.2,32.46 1 0
movieapi/pkg/service/movies_service.go:35.65,37.2 1 0
movieapi/pkg/service/service.go:33.56,39.2 1 0
movieapi/docs/docs.go:784.13,786.2 1 0
movieapi/pkg/service/mocks/mock.go:26.71,30.2 3 0
movieapi/pkg/service/mocks/mock.go:33.69,35.2 1 0
movieapi/pkg/service/mocks/mock.go:38.84,44.2 5 0
movieapi/pkg/service/mocks/mock.go:47.99,50.2 2 0
movieapi/pkg/service/mocks/mock.go:53.73,59.2 5 0
movieapi/pkg/service/mocks/mock.go:62.84,65.2 2 0
movieapi/pkg/service/mocks/mock.go:68.74,74.2 5 0
movieapi/pkg/service/mocks/mock.go:77.89,80.2 2 0
movieapi/pkg/service/mocks/mock.go:94.63,98.2 3 0
movieapi/pkg/service/mocks/mock.go:101.61,103.2 1 0
movieapi/pkg/service/mocks/mock.go:106.87,112.2 5 0
movieapi/pkg/service/mocks/mock.go:115.86,118.2 2 0
movieapi/pkg/service/mocks/mock.go:121.66,126.2 4 0
movieapi/pkg/service/mocks/mock.go:129.87,132.2 2 0
movieapi/pkg/service/mocks/mock.go:135.83,141.2 5 0
movieapi/pkg/service/mocks/mock.go:144.84,147.2 2 0
movieapi/pkg/service/mocks/mock.go:150.80,156.2 5 0
movieapi/pkg/service/mocks/mock.go:159.81,162.2 2 0
movieapi/pkg/service/mocks/mock.go:165.103,170.2 4 0
movieapi/pkg/service/mocks/mock.go:173.94,176.2 2 0
movieapi/pkg/service/mocks/mock.go:190.63,194.2 3 0
movieapi/pkg/service/mocks/mock.go:197.61,199.2 1 0
movieapi/pkg/service/mocks/mock.go:202.92,208.2 5 0
movieapi/pkg/service/mocks/mock.go:211.91,214.2 2 0
movieapi/pkg/service/mocks/mock.go:217.68,222.2 4 0
movieapi/pkg/service/mocks/mock.go:225.89,228.2 2 0
movieapi/pkg/service/mocks/mock.go:231.68,237.2 5 0
movieapi/pkg/service/mocks/mock.go:240.64,243.2 2 0
movieapi/pkg/service/mocks/mock.go:246.105,251.2 4 0
movieapi/pkg/service/mocks/mock.go:254.96,257.2 2 0
movieapi/movies.go:35.50,36.102 1 0
movieapi/movies.go:36.102,38.3 1 0
movieapi/movies.go:39.2,39.12 1 0
movieapi/movies.go:48.53,49.60 1 0
movieapi/movies.go:49.60,51.3 1 0
movieapi/movies.go:52.2,52.12 1 0
movieapi/server.go:12.69,18.2 2 0
movieapi/server.go:20.54,22.2 1 0
movieapi/pkg/repository/actors_psql.go:17.50,19.2 1 1
movieapi/pkg/repository/actors_psql.go:21.92,22.21 1 1
movieapi/pkg/repository/actors_psql.go:22.21,24.3 1 0
movieapi/pkg/repository/actors_psql.go:25.2,26.16 2 1
movieapi/pkg/repository/actors_psql.go:26.16,28.3 1 0
movieapi/pkg/repository/actors_psql.go:29.2,32.38 4 1
movieapi/pkg/repository/actors_psql.go:32.38,35.3 2 1
movieapi/pkg/repository/actors_psql.go:36.2,36.24 1 1
movieapi/pkg/repository/actors_psql.go:40.68,44.16 4 1
movieapi/pkg/repository/actors_psql.go:44.16,46.3 1 0
movieapi/pkg/repository/actors_psql.go:47.2,48.17 2 1
movieapi/pkg/repository/actors_psql.go:48.17,51.17 3 1
movieapi/pkg/repository/actors_psql.go:51.17,53.4 1 0
movieapi/pkg/repository/actors_psql.go:54.3,54.27 1 1
movieapi/pkg/repository/actors_psql.go:56.2,56.33 1 1
movieapi/pkg/repository/actors_psql.go:56.33,58.3 1 0
movieapi/pkg/repository/actors_psql.go:59.2,59.19 1 1
movieapi/pkg/repository/actors_psql.go:62.105,63.21 1 1
movieapi/pkg/repository/actors_psql.go:63.21,65.3 1 0
movieapi/pkg/repository/actors_psql.go:66.2,69.23 4 1
movieapi/pkg/repository/actors_psql.go:69.23,73.3 3 1
movieapi/pkg/repository/actors_psql.go:74.2,74.25 1 1
movieapi/pkg/repository/actors_psql.go:74.25,78.3 3 1
movieapi/pkg/repository/actors_psql.go:79.2,79.28 1 1
movieapi/pkg/repository/actors_psql.go:79.28,83.3 3 1
movieapi/pkg/repository/actors_psql.go:84.2,88.12 5 1
movieapi/pkg/repository/actors_psql.go:90.68,91.21 1 1
movieapi/pkg/repository/actors_psql.go:91.21,93.3 1 0
movieapi/pkg/repository/actors_psql.go:94.2,96.12 3 1
movieapi/pkg/repository/auth_psql.go:13.48,15.2 1 1
movieapi/pkg/repository/auth_psql.go:17.68,21.38 4 1
movieapi/pkg/repository/auth_psql.go:21.38,23.3 1 1
movieapi/pkg/repository/auth_psql.go:24.2,24.16 1 1
movieapi/pkg/repository/auth_psql.go:27.83,33.2 5 1
movieapi/pkg/repository/movies_psql.go:17.50,19.2 1 1
movieapi/pkg/repository/movies_psql.go:21.87,22.21 1 1
movieapi/pkg/repository/movies_psql.go:22.21,24.3 1 0
movieapi/pkg/repository/movies_psql.go:25.2,26.16 2 1
movieapi/pkg/repository/movies_psql.go:26.16,28.3 1 0
movieapi/pkg/repository/movies_psql.go:29.2,32.38 4 1
movieapi/pkg/repository/movies_psql.go:32.38,35.3 2 1
movieapi/pkg/repository/movies_psql.go:36.2,36.24 1 1
movieapi/pkg/repository/movies_psql.go:38.80,40.17 2 1
movieapi/pkg/repository/movies_psql.go:40.17,42.3 1 0
movieapi/pkg/repository/movies_psql.go:43.2,45.16 3 1
movieapi/pkg/repository/movies_psql.go:45.16,47.3 1 0
movieapi/pkg/repository/movies_psql.go:48.2,49.17 2 1
movieapi/pkg/repository/movies_psql.go:49.17,52.17 3 1
movieapi/pkg/repository/movies_psql.go:52.17,54.4 1 0
movieapi/pkg/repository/movies_psql.go:55.3,55.27 1 1
movieapi/pkg/repository/movies_psql.go:57.2,57.33 1 1
movieapi/pkg/repository/movies_psql.go:57.33,59.3 1 0
movieapi/pkg/repository/movies_psql.go:60.2,60.19 1 1
movieapi/pkg/repository/movies_psql.go:63.83,66.16 3 1
movieapi/pkg/repository/movies_psql.go:66.16,68.3 1 0
movieapi/pkg/repository/movies_psql.go:69.2,70.17 2 1
movieapi/pkg/repository/movies_psql.go:70.17,73.17 3 1
movieapi/pkg/repository/movies_psql.go:73.17,75.4 1 0
movieapi/pkg/repository/movies_psql.go:76.3,76.25 1 1
movieapi/pkg/repository/movies_psql.go:78.2,78.33 1 1
movieapi/pkg/repository/movies_psql.go:78.33,80.3 1 0
movieapi/pkg/repository/movies_psql.go:81.2,81.18 1 1
movieapi/pkg/repository/movies_psql.go:83.103,84.21 1 1
movieapi/pkg/repository/movies_psql.go:84.21,86.3 1 0
movieapi/pkg/repository/movies_psql.go:87.2,90.24 4 1
movieapi/pkg/repository/movies_psql.go:90.24,94.3 3 1
movieapi/pkg/repository/movies_psql.go:95.2,95.25 1 1
movieapi/pkg/repository/movies_psql.go:95.25,99.3 3 1
movieapi/pkg/repository/movies_psql.go:100.2,100.23 1 1
movieapi/pkg/repository/movies_psql.go:100.23,104.3 3 1
movieapi/pkg/repository/movies_psql.go:105.2,105.30 1 1
movieapi/pkg/repository/movies_psql.go:105.30,109.3 3 1
movieapi/pkg/repository/movies_psql.go:110.2,114.12 5 1
movieapi/pkg/repository/movies_psql.go:117.66,118.21 1 1
movieapi/pkg/repository/movies_psql.go:118.21,120.3 1 0
movieapi/pkg/repository/movies_psql.go:121.2,123.12 3 1
movieapi/pkg/repository/postgres.go:28.39,30.16 2 0
movieapi/pkg/repository/postgres.go:30.16,32.3 1 0
movieapi/pkg/repository/postgres.go:33.2,33.33 1 0
movieapi/pkg/repository/postgres.go:33.33,35.3 1 0
movieapi/pkg/repository/postgres.go:36.2,36.16 1 0
movieapi/pkg/repository/repository.go:33.44,39.2 1 0
