mode: set
movieapi/server.go:12.69,18.2 2 0
movieapi/server.go:20.54,22.2 1 0
movieapi/cmd/main.go:29.13,35.16 6 0
movieapi/cmd/main.go:35.16,37.3 1 0
movieapi/cmd/main.go:38.2,43.12 6 0
movieapi/cmd/main.go:43.12,44.68 1 0
movieapi/cmd/main.go:44.68,46.4 1 0
movieapi/cmd/main.go:48.2,54.42 7 0
movieapi/cmd/main.go:54.42,56.3 1 0
movieapi/cmd/main.go:57.2,57.39 1 0
movieapi/cmd/main.go:57.39,59.3 1 0
movieapi/docs/docs.go:784.13,786.2 1 0
movieapi/pkg/service/mocks/mock.go:26.71,30.2 3 0
movieapi/pkg/service/mocks/mock.go:33.69,35.2 1 0
movieapi/pkg/service/mocks/mock.go:38.84,44.2 5 0
movieapi/pkg/service/mocks/mock.go:47.99,50.2 2 0
movieapi/pkg/service/mocks/mock.go:53.73,59.2 5 0
movieapi/pkg/service/mocks/mock.go:62.84,65.2 2 0
movieapi/pkg/service/mocks/mock.go:68.74,74.2 5 0
movieapi/pkg/service/mocks/mock.go:77.89,80.2 2 0
movieapi/pkg/service/mocks/mock.go:94.63,98.2 3 0
movieapi/pkg/service/mocks/mock.go:101.61,103.2 1 0
movieapi/pkg/service/mocks/mock.go:106.87,112.2 5 0
movieapi/pkg/service/mocks/mock.go:115.86,118.2 2 0
movieapi/pkg/service/mocks/mock.go:121.66,126.2 4 0
movieapi/pkg/service/mocks/mock.go:129.87,132.2 2 0
movieapi/pkg/service/mocks/mock.go:135.83,141.2 5 0
movieapi/pkg/service/mocks/mock.go:144.84,147.2 2 0
movieapi/pkg/service/mocks/mock.go:150.80,156.2 5 0
movieapi/pkg/service/mocks/mock.go:159.81,162.2 2 0
movieapi/pkg/service/mocks/mock.go:165.103,170.2 4 0
movieapi/pkg/service/mocks/mock.go:173.94,176.2 2 0
movieapi/pkg/service/mocks/mock.go:190.63,194.2 3 0
movieapi/pkg/service/mocks/mock.go:197.61,199.2 1 0
movieapi/pkg/service/mocks/mock.go:202.92,208.2 5 0
movieapi/pkg/service/mocks/mock.go:211.91,214.2 2 0
movieapi/pkg/service/mocks/mock.go:217.68,222.2 4 0
movieapi/pkg/service/mocks/mock.go:225.89,228.2 2 0
movieapi/pkg/service/mocks/mock.go:231.68,237.2 5 0
movieapi/pkg/service/mocks/mock.go:240.64,243.2 2 0
movieapi/pkg/service/mocks/mock.go:246.105,251.2 4 0
movieapi/pkg/service/mocks/mock.go:254.96,257.2 2 0
movieapi/pkg/service/actor_service.go:13.63,15.2 1 0
movieapi/pkg/service/actor_service.go:17.91,19.2 1 0
movieapi/pkg/service/actor_service.go:21.67,23.2 1 0
movieapi/pkg/service/actor_service.go:25.67,27.2 1 0
movieapi/pkg/service/actor_service.go:28.104,29.72 1 0
movieapi/pkg/service/actor_service.go:29.72,31.3 1 0
movieapi/pkg/service/actor_service.go:32.2,32.48 1 0
movieapi/pkg/service/auth_service.go:23.65,25.2 1 0
movieapi/pkg/service/auth_service.go:27.67,29.2 1 0
movieapi/pkg/service/auth_service.go:31.68,32.107 1 0
movieapi/pkg/service/auth_service.go:32.107,33.58 1 0
movieapi/pkg/service/auth_service.go:33.58,35.4 1 0
movieapi/pkg/service/auth_service.go:36.3,36.21 1 0
movieapi/pkg/service/auth_service.go:38.2,38.16 1 0
movieapi/pkg/service/auth_service.go:38.16,40.3 1 0
movieapi/pkg/service/auth_service.go:41.2,42.9 2 0
movieapi/pkg/service/auth_service.go:42.9,44.3 1 0
movieapi/pkg/service/auth_service.go:45.2,45.29 1 0
movieapi/pkg/service/auth_service.go:54.78,56.16 2 0
movieapi/pkg/service/auth_service.go:56.16,58.3 1 0
movieapi/pkg/service/auth_service.go:59.2,65.16 7 0
movieapi/pkg/service/auth_service.go:65.16,67.3 1 0
movieapi/pkg/service/auth_service.go:68.2,68.25 1 0
movieapi/pkg/service/movies_service.go:13.63,15.2 1 0
movieapi/pkg/service/movies_service.go:17.86,19.2 1 0
movieapi/pkg/service/movies_service.go:21.79,23.2 1 0
movieapi/pkg/service/movies_service.go:25.82,27.2 1 0
movieapi/pkg/service/movies_service.go:29.102,30.122 1 0
movieapi/pkg/service/movies_service.go:30.122,32.3 1 0
movieapi/pkg/service/movies_service.go:33.2,33.46 1 0
movieapi/pkg/service/movies_service.go:36.65,38.2 1 0
movieapi/pkg/service/service.go:33.56,39.2 1 0
movieapi/server.go:12.69,18.2 2 0
movieapi/server.go:20.54,22.2 1 0
movieapi/docs/docs.go:784.13,786.2 1 1
movieapi/pkg/handlers/actorlist.go:24.75,25.33 1 1
movieapi/pkg/handlers/actorlist.go:25.33,29.3 3 0
movieapi/pkg/handlers/actorlist.go:30.2,32.83 3 1
movieapi/pkg/handlers/actorlist.go:32.83,35.3 2 1
movieapi/pkg/handlers/actorlist.go:36.2,38.16 3 1
movieapi/pkg/handlers/actorlist.go:38.16,41.3 2 1
movieapi/pkg/handlers/actorlist.go:42.2,45.16 2 1
movieapi/pkg/handlers/actorlist.go:45.16,47.3 1 0
movieapi/pkg/handlers/actorlist.go:48.2,48.27 1 1
movieapi/pkg/handlers/actorlist.go:63.75,64.33 1 0
movieapi/pkg/handlers/actorlist.go:64.33,67.3 2 0
movieapi/pkg/handlers/actorlist.go:68.2,69.16 2 0
movieapi/pkg/handlers/actorlist.go:69.16,71.3 1 0
movieapi/pkg/handlers/actorlist.go:72.2,73.16 2 0
movieapi/pkg/handlers/actorlist.go:73.16,75.3 1 0
movieapi/pkg/handlers/actorlist.go:76.2,76.27 1 0
movieapi/pkg/handlers/actorlist.go:93.75,94.33 1 0
movieapi/pkg/handlers/actorlist.go:94.33,98.3 3 0
movieapi/pkg/handlers/actorlist.go:99.2,101.26 3 0
movieapi/pkg/handlers/actorlist.go:101.26,104.3 2 0
movieapi/pkg/handlers/actorlist.go:105.2,107.16 3 0
movieapi/pkg/handlers/actorlist.go:107.16,110.3 2 0
movieapi/pkg/handlers/actorlist.go:111.2,111.79 1 0
movieapi/pkg/handlers/actorlist.go:111.79,113.3 1 0
movieapi/pkg/handlers/actorlist.go:114.2,117.16 2 0
movieapi/pkg/handlers/actorlist.go:117.16,119.3 1 0
movieapi/pkg/handlers/actorlist.go:120.2,120.27 1 0
movieapi/pkg/handlers/actorlist.go:135.75,136.35 1 0
movieapi/pkg/handlers/actorlist.go:136.35,140.3 3 0
movieapi/pkg/handlers/actorlist.go:141.2,143.26 3 0
movieapi/pkg/handlers/actorlist.go:143.26,146.3 2 0
movieapi/pkg/handlers/actorlist.go:147.2,148.16 2 0
movieapi/pkg/handlers/actorlist.go:148.16,151.3 2 0
movieapi/pkg/handlers/actorlist.go:152.2,155.16 2 0
movieapi/pkg/handlers/actorlist.go:155.16,157.3 1 0
movieapi/pkg/handlers/actorlist.go:158.2,158.27 1 0
movieapi/pkg/handlers/auth.go:10.51,12.16 2 1
movieapi/pkg/handlers/auth.go:12.16,14.3 1 0
movieapi/pkg/handlers/auth.go:15.2,15.25 1 1
movieapi/pkg/handlers/auth.go:35.66,36.33 1 1
movieapi/pkg/handlers/auth.go:36.33,40.3 3 0
movieapi/pkg/handlers/auth.go:41.2,43.84 3 1
movieapi/pkg/handlers/auth.go:43.84,46.3 2 1
movieapi/pkg/handlers/auth.go:47.2,48.16 2 1
movieapi/pkg/handlers/auth.go:48.16,51.3 2 1
movieapi/pkg/handlers/auth.go:52.2,55.16 2 1
movieapi/pkg/handlers/auth.go:55.16,58.3 2 0
movieapi/pkg/handlers/auth.go:59.2,59.27 1 1
movieapi/pkg/handlers/auth.go:74.66,75.33 1 0
movieapi/pkg/handlers/auth.go:75.33,79.3 3 0
movieapi/pkg/handlers/auth.go:80.2,82.64 3 0
movieapi/pkg/handlers/auth.go:82.64,85.3 2 0
movieapi/pkg/handlers/auth.go:87.2,88.16 2 0
movieapi/pkg/handlers/auth.go:88.16,91.3 2 0
movieapi/pkg/handlers/auth.go:92.2,97.62 3 0
movieapi/pkg/handlers/errResponse.go:12.64,17.2 2 1
movieapi/pkg/handlers/errResponse.go:19.67,22.2 2 1
movieapi/pkg/handlers/errResponse.go:24.38,26.2 1 0
movieapi/pkg/handlers/handler.go:15.53,17.2 1 0
movieapi/pkg/handlers/handler.go:18.47,36.2 14 0
movieapi/pkg/handlers/middle.go:14.74,15.71 1 0
movieapi/pkg/handlers/middle.go:15.71,17.24 2 0
movieapi/pkg/handlers/middle.go:17.24,20.4 2 0
movieapi/pkg/handlers/middle.go:21.3,22.28 2 0
movieapi/pkg/handlers/middle.go:22.28,25.4 2 0
movieapi/pkg/handlers/middle.go:26.3,27.17 2 0
movieapi/pkg/handlers/middle.go:27.17,30.4 2 0
movieapi/pkg/handlers/middle.go:31.3,32.23 2 0
movieapi/pkg/handlers/middle.go:35.63,37.2 1 0
movieapi/pkg/handlers/movielist.go:24.75,25.33 1 1
movieapi/pkg/handlers/movielist.go:25.33,29.3 3 0
movieapi/pkg/handlers/movielist.go:30.2,33.134 4 1
movieapi/pkg/handlers/movielist.go:33.134,36.3 2 1
movieapi/pkg/handlers/movielist.go:37.2,37.43 1 1
movieapi/pkg/handlers/movielist.go:37.43,39.3 1 0
movieapi/pkg/handlers/movielist.go:40.2,41.16 2 1
movieapi/pkg/handlers/movielist.go:41.16,44.3 2 1
movieapi/pkg/handlers/movielist.go:45.2,48.16 2 1
movieapi/pkg/handlers/movielist.go:48.16,50.3 1 0
movieapi/pkg/handlers/movielist.go:51.2,51.27 1 1
movieapi/pkg/handlers/movielist.go:65.76,66.33 1 0
movieapi/pkg/handlers/movielist.go:66.33,69.3 2 0
movieapi/pkg/handlers/movielist.go:70.2,72.16 3 0
movieapi/pkg/handlers/movielist.go:72.16,74.3 1 0
movieapi/pkg/handlers/movielist.go:76.2,77.16 2 0
movieapi/pkg/handlers/movielist.go:77.16,79.3 1 0
movieapi/pkg/handlers/movielist.go:80.2,80.27 1 0
movieapi/pkg/handlers/movielist.go:95.75,98.16 3 0
movieapi/pkg/handlers/movielist.go:98.16,100.3 1 0
movieapi/pkg/handlers/movielist.go:101.2,102.16 2 0
movieapi/pkg/handlers/movielist.go:102.16,104.3 1 0
movieapi/pkg/handlers/movielist.go:105.2,105.27 1 0
movieapi/pkg/handlers/movielist.go:122.75,123.33 1 0
movieapi/pkg/handlers/movielist.go:123.33,127.3 3 0
movieapi/pkg/handlers/movielist.go:128.2,130.26 3 0
movieapi/pkg/handlers/movielist.go:130.26,133.3 2 0
movieapi/pkg/handlers/movielist.go:134.2,136.16 3 0
movieapi/pkg/handlers/movielist.go:136.16,139.3 2 0
movieapi/pkg/handlers/movielist.go:140.2,140.79 1 0
movieapi/pkg/handlers/movielist.go:140.79,142.3 1 0
movieapi/pkg/handlers/movielist.go:143.2,146.16 2 0
movieapi/pkg/handlers/movielist.go:146.16,148.3 1 0
movieapi/pkg/handlers/movielist.go:149.2,149.27 1 0
movieapi/pkg/handlers/movielist.go:164.75,165.35 1 0
movieapi/pkg/handlers/movielist.go:165.35,169.3 3 0
movieapi/pkg/handlers/movielist.go:170.2,172.26 3 0
movieapi/pkg/handlers/movielist.go:172.26,175.3 2 0
movieapi/pkg/handlers/movielist.go:176.2,177.16 2 0
movieapi/pkg/handlers/movielist.go:177.16,180.3 2 0
movieapi/pkg/handlers/movielist.go:181.2,184.16 2 0
movieapi/pkg/handlers/movielist.go:184.16,186.3 1 0
movieapi/pkg/handlers/movielist.go:187.2,187.27 1 0
movieapi/pkg/service/actor_service.go:13.63,15.2 1 0
movieapi/pkg/service/actor_service.go:17.91,19.2 1 0
movieapi/pkg/service/actor_service.go:21.67,23.2 1 0
movieapi/pkg/service/actor_service.go:25.67,27.2 1 0
movieapi/pkg/service/actor_service.go:28.104,29.72 1 0
movieapi/pkg/service/actor_service.go:29.72,31.3 1 0
movieapi/pkg/service/actor_service.go:32.2,32.48 1 0
movieapi/pkg/service/auth_service.go:23.65,25.2 1 0
movieapi/pkg/service/auth_service.go:27.67,29.2 1 0
movieapi/pkg/service/auth_service.go:31.68,32.107 1 0
movieapi/pkg/service/auth_service.go:32.107,33.58 1 0
movieapi/pkg/service/auth_service.go:33.58,35.4 1 0
movieapi/pkg/service/auth_service.go:36.3,36.21 1 0
movieapi/pkg/service/auth_service.go:38.2,38.16 1 0
movieapi/pkg/service/auth_service.go:38.16,40.3 1 0
movieapi/pkg/service/auth_service.go:41.2,42.9 2 0
movieapi/pkg/service/auth_service.go:42.9,44.3 1 0
movieapi/pkg/service/auth_service.go:45.2,45.29 1 0
movieapi/pkg/service/auth_service.go:54.78,56.16 2 0
movieapi/pkg/service/auth_service.go:56.16,58.3 1 0
movieapi/pkg/service/auth_service.go:59.2,65.16 7 0
movieapi/pkg/service/auth_service.go:65.16,67.3 1 0
movieapi/pkg/service/auth_service.go:68.2,68.25 1 0
movieapi/pkg/service/movies_service.go:13.63,15.2 1 0
movieapi/pkg/service/movies_service.go:17.86,19.2 1 0
movieapi/pkg/service/movies_service.go:21.79,23.2 1 0
movieapi/pkg/service/movies_service.go:25.82,27.2 1 0
movieapi/pkg/service/movies_service.go:29.102,30.122 1 0
movieapi/pkg/service/movies_service.go:30.122,32.3 1 0
movieapi/pkg/service/movies_service.go:33.2,33.46 1 0
movieapi/pkg/service/movies_service.go:36.65,38.2 1 0
movieapi/pkg/service/service.go:33.56,39.2 1 0
movieapi/pkg/service/mocks/mock.go:26.71,30.2 3 1
movieapi/pkg/service/mocks/mock.go:33.69,35.2 1 1
movieapi/pkg/service/mocks/mock.go:38.84,44.2 5 0
movieapi/pkg/service/mocks/mock.go:47.99,50.2 2 0
movieapi/pkg/service/mocks/mock.go:53.73,59.2 5 1
movieapi/pkg/service/mocks/mock.go:62.84,65.2 2 1
movieapi/pkg/service/mocks/mock.go:68.74,74.2 5 0
movieapi/pkg/service/mocks/mock.go:77.89,80.2 2 0
movieapi/pkg/service/mocks/mock.go:94.63,98.2 3 1
movieapi/pkg/service/mocks/mock.go:101.61,103.2 1 1
movieapi/pkg/service/mocks/mock.go:106.87,112.2 5 1
movieapi/pkg/service/mocks/mock.go:115.86,118.2 2 1
movieapi/pkg/service/mocks/mock.go:121.66,126.2 4 0
movieapi/pkg/service/mocks/mock.go:129.87,132.2 2 0
movieapi/pkg/service/mocks/mock.go:135.83,141.2 5 0
movieapi/pkg/service/mocks/mock.go:144.84,147.2 2 0
movieapi/pkg/service/mocks/mock.go:150.80,156.2 5 0
movieapi/pkg/service/mocks/mock.go:159.81,162.2 2 0
movieapi/pkg/service/mocks/mock.go:165.103,170.2 4 0
movieapi/pkg/service/mocks/mock.go:173.94,176.2 2 0
movieapi/pkg/service/mocks/mock.go:190.63,194.2 3 1
movieapi/pkg/service/mocks/mock.go:197.61,199.2 1 1
movieapi/pkg/service/mocks/mock.go:202.92,208.2 5 1
movieapi/pkg/service/mocks/mock.go:211.91,214.2 2 1
movieapi/pkg/service/mocks/mock.go:217.68,222.2 4 0
movieapi/pkg/service/mocks/mock.go:225.89,228.2 2 0
movieapi/pkg/service/mocks/mock.go:231.68,237.2 5 0
movieapi/pkg/service/mocks/mock.go:240.64,243.2 2 0
movieapi/pkg/service/mocks/mock.go:246.105,251.2 4 0
movieapi/pkg/service/mocks/mock.go:254.96,257.2 2 0
movieapi/server.go:12.69,18.2 2 0
movieapi/server.go:20.54,22.2 1 0
movieapi/pkg/repository/actors_psql.go:17.50,19.2 1 1
movieapi/pkg/repository/actors_psql.go:21.92,22.21 1 1
movieapi/pkg/repository/actors_psql.go:22.21,24.3 1 0
movieapi/pkg/repository/actors_psql.go:25.2,26.16 2 1
movieapi/pkg/repository/actors_psql.go:26.16,28.3 1 0
movieapi/pkg/repository/actors_psql.go:29.2,32.38 4 1
movieapi/pkg/repository/actors_psql.go:32.38,35.3 2 1
movieapi/pkg/repository/actors_psql.go:36.2,36.24 1 1
movieapi/pkg/repository/actors_psql.go:40.68,44.16 4 1
movieapi/pkg/repository/actors_psql.go:44.16,46.3 1 0
movieapi/pkg/repository/actors_psql.go:47.2,48.17 2 1
movieapi/pkg/repository/actors_psql.go:48.17,51.17 3 1
movieapi/pkg/repository/actors_psql.go:51.17,53.4 1 0
movieapi/pkg/repository/actors_psql.go:54.3,54.27 1 1
movieapi/pkg/repository/actors_psql.go:56.2,56.33 1 1
movieapi/pkg/repository/actors_psql.go:56.33,58.3 1 0
movieapi/pkg/repository/actors_psql.go:59.2,59.19 1 1
movieapi/pkg/repository/actors_psql.go:62.105,63.21 1 1
movieapi/pkg/repository/actors_psql.go:63.21,65.3 1 0
movieapi/pkg/repository/actors_psql.go:66.2,69.23 4 1
movieapi/pkg/repository/actors_psql.go:69.23,73.3 3 1
movieapi/pkg/repository/actors_psql.go:74.2,74.25 1 1
movieapi/pkg/repository/actors_psql.go:74.25,78.3 3 1
movieapi/pkg/repository/actors_psql.go:79.2,79.28 1 1
movieapi/pkg/repository/actors_psql.go:79.28,83.3 3 1
movieapi/pkg/repository/actors_psql.go:84.2,88.12 5 1
movieapi/pkg/repository/actors_psql.go:90.68,91.21 1 1
movieapi/pkg/repository/actors_psql.go:91.21,93.3 1 0
movieapi/pkg/repository/actors_psql.go:94.2,96.12 3 1
movieapi/pkg/repository/auth_psql.go:13.48,15.2 1 1
movieapi/pkg/repository/auth_psql.go:17.68,21.38 4 1
movieapi/pkg/repository/auth_psql.go:21.38,23.3 1 1
movieapi/pkg/repository/auth_psql.go:24.2,24.16 1 1
movieapi/pkg/repository/auth_psql.go:27.83,33.2 5 1
movieapi/pkg/repository/movies_psql.go:17.50,19.2 1 1
movieapi/pkg/repository/movies_psql.go:21.87,22.21 1 1
movieapi/pkg/repository/movies_psql.go:22.21,24.3 1 0
movieapi/pkg/repository/movies_psql.go:25.2,26.16 2 1
movieapi/pkg/repository/movies_psql.go:26.16,28.3 1 0
movieapi/pkg/repository/movies_psql.go:29.2,32.38 4 1
movieapi/pkg/repository/movies_psql.go:32.38,35.3 2 1
movieapi/pkg/repository/movies_psql.go:36.2,36.24 1 1
movieapi/pkg/repository/movies_psql.go:38.80,40.17 2 1
movieapi/pkg/repository/movies_psql.go:40.17,42.3 1 0
movieapi/pkg/repository/movies_psql.go:43.2,45.16 3 1
movieapi/pkg/repository/movies_psql.go:45.16,47.3 1 0
movieapi/pkg/repository/movies_psql.go:48.2,49.17 2 1
movieapi/pkg/repository/movies_psql.go:49.17,52.17 3 1
movieapi/pkg/repository/movies_psql.go:52.17,54.4 1 0
movieapi/pkg/repository/movies_psql.go:55.3,55.27 1 1
movieapi/pkg/repository/movies_psql.go:57.2,57.33 1 1
movieapi/pkg/repository/movies_psql.go:57.33,59.3 1 0
movieapi/pkg/repository/movies_psql.go:60.2,60.19 1 1
movieapi/pkg/repository/movies_psql.go:63.83,66.16 3 1
movieapi/pkg/repository/movies_psql.go:66.16,68.3 1 0
movieapi/pkg/repository/movies_psql.go:69.2,70.17 2 1
movieapi/pkg/repository/movies_psql.go:70.17,73.17 3 1
movieapi/pkg/repository/movies_psql.go:73.17,75.4 1 0
movieapi/pkg/repository/movies_psql.go:76.3,76.25 1 1
movieapi/pkg/repository/movies_psql.go:78.2,78.33 1 1
movieapi/pkg/repository/movies_psql.go:78.33,80.3 1 0
movieapi/pkg/repository/movies_psql.go:81.2,81.18 1 1
movieapi/pkg/repository/movies_psql.go:83.103,84.21 1 1
movieapi/pkg/repository/movies_psql.go:84.21,86.3 1 0
movieapi/pkg/repository/movies_psql.go:87.2,90.24 4 1
movieapi/pkg/repository/movies_psql.go:90.24,94.3 3 1
movieapi/pkg/repository/movies_psql.go:95.2,95.25 1 1
movieapi/pkg/repository/movies_psql.go:95.25,99.3 3 1
movieapi/pkg/repository/movies_psql.go:100.2,100.23 1 1
movieapi/pkg/repository/movies_psql.go:100.23,104.3 3 1
movieapi/pkg/repository/movies_psql.go:105.2,105.30 1 1
movieapi/pkg/repository/movies_psql.go:105.30,109.3 3 1
movieapi/pkg/repository/movies_psql.go:110.2,114.12 5 1
movieapi/pkg/repository/movies_psql.go:117.66,118.21 1 1
movieapi/pkg/repository/movies_psql.go:118.21,120.3 1 0
movieapi/pkg/repository/movies_psql.go:121.2,123.12 3 1
movieapi/pkg/repository/postgres.go:28.39,30.16 2 0
movieapi/pkg/repository/postgres.go:30.16,32.3 1 0
movieapi/pkg/repository/postgres.go:33.2,33.33 1 0
movieapi/pkg/repository/postgres.go:33.33,35.3 1 0
movieapi/pkg/repository/postgres.go:36.2,36.16 1 0
movieapi/pkg/repository/repository.go:33.44,39.2 1 0
